<?xml version="1.0" encoding="UTF-8"?>
<testng-results skipped="0" failed="0" ignored="0" total="2" passed="2">
  <reporter-output>
  </reporter-output>
  <suite name="Default suite" duration-ms="37" started-at="2018-01-03T17:38:27Z" finished-at="2018-01-03T17:38:27Z">
    <groups>
    </groups>
    <test name="Default test" duration-ms="37" started-at="2018-01-03T17:38:27Z" finished-at="2018-01-03T17:38:27Z">
      <class name="testng.testng">
        <test-method status="PASS" signature="beforeTest()[pri:0, instance:testng.testng@28feb3fa]" name="beforeTest" is-config="true" duration-ms="7" started-at="2018-01-04T01:38:27Z" finished-at="2018-01-04T01:38:27Z">
          <reporter-output>
          </reporter-output>
        </test-method> <!-- beforeTest -->
        <test-method status="PASS" signature="getPara()[pri:0, instance:testng.testng@28feb3fa]" name="getPara" duration-ms="5" started-at="2018-01-04T01:38:27Z" finished-at="2018-01-04T01:38:27Z">
          <reporter-output>
          </reporter-output>
        </test-method> <!-- getPara -->
        <test-method status="PASS" signature="getPara1()[pri:0, instance:testng.testng@28feb3fa]" name="getPara1" duration-ms="1" started-at="2018-01-04T01:38:27Z" finished-at="2018-01-04T01:38:27Z">
          <reporter-output>
          </reporter-output>
        </test-method> <!-- getPara1 -->
      </class> <!-- testng.testng -->
    </test> <!-- Default test -->
  </suite> <!-- Default suite -->
</testng-results>
